Fri Oct 20 01:01:41 NZDT 2023 : Apache Derby Network Server - 10.14.2.0 - (1828579) started and ready to accept connections on port 1527
----------------------------------------------------------------
Fri Oct 20 01:02:09 NZDT 2023:
Booting Derby version The Apache Software Foundation - Apache Derby - 10.14.2.0 - (1828579): instance a816c00e-018b-47d0-16e6-00003b562b95 
on database directory C:\Users\A2 Student\OneDrive - Aspire2 Group Limited\Documents\AUT\COMP603\Carreon_22172806_Project2\src\project2_GUI\EmployeeDetails with class loader jdk.internal.loader.ClassLoaders$AppClassLoader@2cdf8d8a 
Loaded from file:/C:/Users/A2%20Student/Downloads/db-derby-10.14.2.0-bin/db-derby-10.14.2.0-bin/lib/derby.jar
java.vendor=Oracle Corporation
java.runtime.version=11.0.19+9-LTS-224
user.dir=C:\Users\A2 Student\Downloads\db-derby-10.14.2.0-bin\db-derby-10.14.2.0-bin
os.name=Windows 10
os.arch=amd64
os.version=10.0
derby.system.home=C:\Users\A2 Student\OneDrive - Aspire2 Group Limited\Documents\AUT\COMP603\Carreon_22172806_Project2\src\project2_GUI
Database Class Loader started - derby.database.classpath=''
----------------------------------------------------------------
Fri Oct 20 01:08:43 NZDT 2023:
Booting Derby version The Apache Software Foundation - Apache Derby - 10.14.2.0 - (1828579): instance e1734037-018b-47d0-16e6-00003b562b95 
on database directory C:\Users\A2 Student\OneDrive - Aspire2 Group Limited\Documents\AUT\COMP603\Carreon_22172806_Project2\src\project2_GUI\Employee_Details with class loader jdk.internal.loader.ClassLoaders$AppClassLoader@2cdf8d8a 
Loaded from file:/C:/Users/A2%20Student/Downloads/db-derby-10.14.2.0-bin/db-derby-10.14.2.0-bin/lib/derby.jar
java.vendor=Oracle Corporation
java.runtime.version=11.0.19+9-LTS-224
user.dir=C:\Users\A2 Student\Downloads\db-derby-10.14.2.0-bin\db-derby-10.14.2.0-bin
os.name=Windows 10
os.arch=amd64
os.version=10.0
derby.system.home=C:\Users\A2 Student\OneDrive - Aspire2 Group Limited\Documents\AUT\COMP603\Carreon_22172806_Project2\src\project2_GUI
Database Class Loader started - derby.database.classpath=''
----------------------------------------------------------------
Fri Oct 20 01:08:46 NZDT 2023:
Shutting down instance e1734037-018b-47d0-16e6-00003b562b95 on database directory C:\Users\A2 Student\OneDrive - Aspire2 Group Limited\Documents\AUT\COMP603\Carreon_22172806_Project2\src\project2_GUI\Employee_Details with class loader jdk.internal.loader.ClassLoaders$AppClassLoader@2cdf8d8a 
Fri Oct 20 01:08:46 NZDT 2023 Thread[DRDAConnThread_3,5,main] (DATABASE = Employee_Details), (DRDAID = {3}), Database 'Employee_Details' shutdown.
Fri Oct 20 01:08:52 NZDT 2023 Thread[DRDAConnThread_3,5,main] Cleanup action starting
java.sql.SQLException: Database 'Employee_Details' not found.
	at org.apache.derby.impl.jdbc.SQLExceptionFactory.getSQLException(Unknown Source)
	at org.apache.derby.impl.jdbc.SQLExceptionFactory.getSQLException(Unknown Source)
	at org.apache.derby.impl.jdbc.Util.generateCsSQLException(Unknown Source)
	at org.apache.derby.impl.jdbc.Util.generateCsSQLException(Unknown Source)
	at org.apache.derby.impl.jdbc.EmbedConnection.newSQLException(Unknown Source)
	at org.apache.derby.impl.jdbc.EmbedConnection.handleDBNotFound(Unknown Source)
	at org.apache.derby.impl.jdbc.EmbedConnection.<init>(Unknown Source)
	at org.apache.derby.jdbc.InternalDriver$1.run(Unknown Source)
	at org.apache.derby.jdbc.InternalDriver$1.run(Unknown Source)
	at java.base/java.security.AccessController.doPrivileged(Native Method)
	at org.apache.derby.jdbc.InternalDriver.getNewEmbedConnection(Unknown Source)
	at org.apache.derby.jdbc.InternalDriver.connect(Unknown Source)
	at org.apache.derby.jdbc.InternalDriver.connect(Unknown Source)
	at org.apache.derby.jdbc.EmbeddedDriver.connect(Unknown Source)
	at org.apache.derby.impl.drda.Database.makeConnection(Unknown Source)
	at org.apache.derby.impl.drda.DRDAConnThread.getConnFromDatabaseName(Unknown Source)
	at org.apache.derby.impl.drda.DRDAConnThread.verifyUserIdPassword(Unknown Source)
	at org.apache.derby.impl.drda.DRDAConnThread.parseSECCHK(Unknown Source)
	at org.apache.derby.impl.drda.DRDAConnThread.parseDRDAConnection(Unknown Source)
	at org.apache.derby.impl.drda.DRDAConnThread.processCommands(Unknown Source)
	at org.apache.derby.impl.drda.DRDAConnThread.run(Unknown Source)
Caused by: ERROR XJ004: Database 'Employee_Details' not found.
	at org.apache.derby.iapi.error.StandardException.newException(Unknown Source)
	at org.apache.derby.impl.jdbc.SQLExceptionFactory.wrapArgsForTransportAcrossDRDA(Unknown Source)
	... 21 more
============= begin nested exception, level (1) ===========
ERROR XJ004: Database 'Employee_Details' not found.
	at org.apache.derby.iapi.error.StandardException.newException(Unknown Source)
	at org.apache.derby.impl.jdbc.SQLExceptionFactory.wrapArgsForTransportAcrossDRDA(Unknown Source)
	at org.apache.derby.impl.jdbc.SQLExceptionFactory.getSQLException(Unknown Source)
	at org.apache.derby.impl.jdbc.SQLExceptionFactory.getSQLException(Unknown Source)
	at org.apache.derby.impl.jdbc.Util.generateCsSQLException(Unknown Source)
	at org.apache.derby.impl.jdbc.Util.generateCsSQLException(Unknown Source)
	at org.apache.derby.impl.jdbc.EmbedConnection.newSQLException(Unknown Source)
	at org.apache.derby.impl.jdbc.EmbedConnection.handleDBNotFound(Unknown Source)
	at org.apache.derby.impl.jdbc.EmbedConnection.<init>(Unknown Source)
	at org.apache.derby.jdbc.InternalDriver$1.run(Unknown Source)
	at org.apache.derby.jdbc.InternalDriver$1.run(Unknown Source)
	at java.base/java.security.AccessController.doPrivileged(Native Method)
	at org.apache.derby.jdbc.InternalDriver.getNewEmbedConnection(Unknown Source)
	at org.apache.derby.jdbc.InternalDriver.connect(Unknown Source)
	at org.apache.derby.jdbc.InternalDriver.connect(Unknown Source)
	at org.apache.derby.jdbc.EmbeddedDriver.connect(Unknown Source)
	at org.apache.derby.impl.drda.Database.makeConnection(Unknown Source)
	at org.apache.derby.impl.drda.DRDAConnThread.getConnFromDatabaseName(Unknown Source)
	at org.apache.derby.impl.drda.DRDAConnThread.verifyUserIdPassword(Unknown Source)
	at org.apache.derby.impl.drda.DRDAConnThread.parseSECCHK(Unknown Source)
	at org.apache.derby.impl.drda.DRDAConnThread.parseDRDAConnection(Unknown Source)
	at org.apache.derby.impl.drda.DRDAConnThread.processCommands(Unknown Source)
	at org.apache.derby.impl.drda.DRDAConnThread.run(Unknown Source)
============= end nested exception, level (1) ===========
Cleanup action completed
Fri Oct 20 01:08:52 NZDT 2023 Thread[DRDAConnThread_3,5,main] (DATABASE = Employee_Details), (DRDAID = {4}), Database 'Employee_Details' not found.
----------------------------------------------------------------
Fri Oct 20 01:10:25 NZDT 2023: Shutting down Derby engine
----------------------------------------------------------------
Fri Oct 20 01:10:25 NZDT 2023:
Shutting down instance a816c00e-018b-47d0-16e6-00003b562b95 on database directory C:\Users\A2 Student\OneDrive - Aspire2 Group Limited\Documents\AUT\COMP603\Carreon_22172806_Project2\src\project2_GUI\EmployeeDetails with class loader jdk.internal.loader.ClassLoaders$AppClassLoader@2cdf8d8a 
----------------------------------------------------------------
